<?xml version="1.0" encoding="UTF-8"?>
<testng-results skipped="0" failed="0" ignored="0" total="3" passed="3">
  <reporter-output>
  </reporter-output>
  <suite name="Surefire suite" duration-ms="32012" started-at="2019-07-11T21:13:06Z" finished-at="2019-07-11T21:13:38Z">
    <groups>
    </groups>
    <test name="Surefire test" duration-ms="32012" started-at="2019-07-11T21:13:06Z" finished-at="2019-07-11T21:13:38Z">
      <class name="VkTest">
        <test-method status="PASS" signature="deleteMessageTest()[pri:0, instance:VkTest@308c65e0]" name="deleteMessageTest" duration-ms="15066" started-at="2019-07-11T21:13:06Z" finished-at="2019-07-11T21:13:21Z">
          <reporter-output>
          </reporter-output>
        </test-method> <!-- deleteMessageTest -->
        <test-method status="PASS" signature="editMessageTest(java.lang.String, java.lang.String)[pri:0, instance:VkTest@308c65e0]" name="editMessageTest" duration-ms="11005" started-at="2019-07-11T21:13:21Z" data-provider="editMessageTestSource" finished-at="2019-07-11T21:13:32Z">
          <params>
            <param index="0">
              <value>
                <![CDATA[message]]>
              </value>
            </param>
            <param index="1">
              <value>
                <![CDATA[New test text]]>
              </value>
            </param>
          </params>
          <reporter-output>
          </reporter-output>
        </test-method> <!-- editMessageTest -->
        <test-method status="PASS" signature="postMessageTest(java.lang.String, java.lang.String)[pri:0, instance:VkTest@308c65e0]" name="postMessageTest" duration-ms="5763" started-at="2019-07-11T21:13:32Z" data-provider="postMessageTestSource" finished-at="2019-07-11T21:13:38Z">
          <params>
            <param index="0">
              <value>
                <![CDATA[message]]>
              </value>
            </param>
            <param index="1">
              <value>
                <![CDATA[Test text]]>
              </value>
            </param>
          </params>
          <reporter-output>
          </reporter-output>
        </test-method> <!-- postMessageTest -->
      </class> <!-- VkTest -->
    </test> <!-- Surefire test -->
  </suite> <!-- Surefire suite -->
</testng-results>
