<?xml version="1.0" encoding="UTF-8"?>
<testsuite xmlns:xsi="http://www.w3.org/2001/XMLSchema-instance" xsi:noNamespaceSchemaLocation="https://maven.apache.org/surefire/maven-surefire-plugin/xsd/surefire-test-report.xsd" name="VkTest" time="32.984" tests="3" errors="0" skipped="0" failures="0">
  <properties>
[...]
</properties>
  <testcase name="deleteMessageTest" classname="VkTest" time="15.07"/>
  <testcase name="editMessageTest" classname="VkTest" time="11.005"/>
  <testcase name="postMessageTest" classname="VkTest" time="5.762"/>
</testsuite>